14:15:55 **** Build of configuration Debug for project sdfv ****
make all 
Building file: ../main.c
Invoking: GCC C Compiler
gcc -O0 -g3 -Wall -c -fmessage-length=0 -MMD -MP -MF"main.d" -MT"main.o" -o "main.o" "../main.c"
Finished building: ../main.c
 
Building target: sdfv
Invoking: MacOS X C Linker
gcc  -o "sdfv"  ./main.o   
Finished building target: sdfv
 
14:16:02 **** Incremental Build of configuration Debug for project sdfv ****
make all 
Building file: ../main.c
Invoking: GCC C Compiler
gcc -O0 -g3 -Wall -c -fmessage-length=0 -MMD -MP -MF"main.d" -MT"main.o" -o "main.o" "../main.c"
Finished building: ../main.c
 
Building target: sdfv
Invoking: MacOS X C Linker
gcc  -o "sdfv"  ./main.o   
Finished building target: sdfv
 
14:16:35 **** Incremental Build of configuration Debug for project sdfv ****
make all 
make: Nothing to be done for `all'.
14:16:37 **** Incremental Build of configuration Debug for project sdfv ****
make all 
make: Nothing to be done for `all'.
14:16:38 **** Incremental Build of configuration Debug for project sdfv ****
make all 
make: Nothing to be done for `all'.
14:16:39 **** Incremental Build of configuration Debug for project sdfv ****
make all 
make: Nothing to be done for `all'.
14:16:51 **** Incremental Build of configuration Debug for project sdfv ****
make all 
make: Nothing to be done for `all'.
14:17:11 **** Incremental Build of configuration Debug for project sdfv ****
make all 
make: Nothing to be done for `all'.
